[debug] [2018-11-26T04:38:59.515Z] ----------------------------------------------------------------------
[debug] [2018-11-26T04:38:59.518Z] Command:       C:\Program Files\nodejs\node.exe C:\Users\hafiz tsalavin\AppData\Roaming\npm\node_modules\firebase-tools\lib\bin\firebase.js init
[debug] [2018-11-26T04:38:59.518Z] CLI Version:   6.1.1
[debug] [2018-11-26T04:38:59.518Z] Platform:      win32
[debug] [2018-11-26T04:38:59.518Z] Node Version:  v8.12.0
[debug] [2018-11-26T04:38:59.518Z] Time:          Mon Nov 26 2018 11:38:59 GMT+0700 (SE Asia Standard Time)
[debug] [2018-11-26T04:38:59.518Z] ----------------------------------------------------------------------
[debug] 
[debug] [2018-11-26T04:38:59.526Z] > command requires scopes: ["email","openid","https://www.googleapis.com/auth/cloudplatformprojects.readonly","https://www.googleapis.com/auth/firebase","https://www.googleapis.com/auth/cloud-platform"]
[debug] [2018-11-26T04:38:59.527Z] > authorizing via signed-in user
[info] 
     ######## #### ########  ######## ########     ###     ######  ########
     ##        ##  ##     ## ##       ##     ##  ##   ##  ##       ##
     ######    ##  ########  ######   ########  #########  ######  ######
     ##        ##  ##    ##  ##       ##     ## ##     ##       ## ##
     ##       #### ##     ## ######## ########  ##     ##  ######  ########

You're about to initialize a Firebase project in this directory:

  E:\kuliah\semester 5\PRAKTIKUM MDP\referensi-TA-MDP\BISMILLAH-TA-MDP

[info] 
=== Project Setup
[info] 
[info] First, let's associate this project directory with a Firebase project.
[info] You can create multiple project aliases by running firebase use --add, 
[info] but for now we'll just set up a default project.
[info] 
[debug] [2018-11-26T04:39:24.697Z] >>> HTTP REQUEST GET https://firebase.googleapis.com/v1beta1/projects?page_size=100  
 
[debug] [2018-11-26T04:39:25.176Z] <<< HTTP RESPONSE 200
[debug] [2018-11-26T04:46:52.761Z] ----------------------------------------------------------------------
[debug] [2018-11-26T04:46:52.766Z] Command:       C:\Program Files\nodejs\node.exe C:\Users\hafiz tsalavin\AppData\Roaming\npm\node_modules\firebase-tools\lib\bin\firebase.js init
[debug] [2018-11-26T04:46:52.767Z] CLI Version:   6.1.1
[debug] [2018-11-26T04:46:52.767Z] Platform:      win32
[debug] [2018-11-26T04:46:52.767Z] Node Version:  v8.12.0
[debug] [2018-11-26T04:46:52.768Z] Time:          Mon Nov 26 2018 11:46:52 GMT+0700 (SE Asia Standard Time)
[debug] [2018-11-26T04:46:52.768Z] ----------------------------------------------------------------------
[debug] 
[debug] [2018-11-26T04:46:52.797Z] > command requires scopes: ["email","openid","https://www.googleapis.com/auth/cloudplatformprojects.readonly","https://www.googleapis.com/auth/firebase","https://www.googleapis.com/auth/cloud-platform"]
[debug] [2018-11-26T04:46:52.798Z] > authorizing via signed-in user
[info] 
     ######## #### ########  ######## ########     ###     ######  ########
     ##        ##  ##     ## ##       ##     ##  ##   ##  ##       ##
     ######    ##  ########  ######   ########  #########  ######  ######
     ##        ##  ##    ##  ##       ##     ## ##     ##       ## ##
     ##       #### ##     ## ######## ########  ##     ##  ######  ########

You're about to initialize a Firebase project in this directory:

  E:\kuliah\semester 5\PRAKTIKUM MDP\referensi-TA-MDP\BISMILLAH-TA-MDP

[info] 
=== Project Setup
[info] 
[info] First, let's associate this project directory with a Firebase project.
[info] You can create multiple project aliases by running firebase use --add, 
[info] but for now we'll just set up a default project.
[info] 
[debug] [2018-11-26T04:47:03.384Z] >>> HTTP REQUEST GET https://firebase.googleapis.com/v1beta1/projects?page_size=100  
 
[debug] [2018-11-26T04:47:05.029Z] <<< HTTP RESPONSE 200
